0 info it worked if it ends with ok
1 verbose cli [ 'C:\\Program Files\\nodejs\\node.exe',
1 verbose cli   'C:\\Program Files\\nodejs\\node_modules\\npm\\bin\\npm-cli.js',
1 verbose cli   'run',
1 verbose cli   'test' ]
2 info using npm@3.10.10
3 info using node@v6.10.2
4 verbose run-script [ 'pretest', 'test', 'posttest' ]
5 info lifecycle tictactoe@1.0.0~pretest: tictactoe@1.0.0
6 silly lifecycle tictactoe@1.0.0~pretest: no script for pretest, continuing
7 info lifecycle tictactoe@1.0.0~test: tictactoe@1.0.0
8 verbose lifecycle tictactoe@1.0.0~test: unsafe-perm in lifecycle true
9 verbose lifecycle tictactoe@1.0.0~test: PATH: C:\Program Files\nodejs\node_modules\npm\bin\node-gyp-bin;C:\Users\roo\projects\jobs\SICOM\tictactoe\node_modules\.bin;C:\ProgramData\Oracle\Java\javapath;C:\WINDOWS\system32;C:\WINDOWS;C:\WINDOWS\System32\Wbem;C:\WINDOWS\System32\WindowsPowerShell\v1.0\;C:\Program Files\Git\cmd;C:\Program Files (x86)\Brackets\command;C:\Program Files\nodejs\;C:\Program Files (x86)\GtkSharp\2.12\bin;C:\Program Files (x86)\Yarn\bin;C:\Ruby25-x64\bin;C:\Users\roo\AppData\Local\Programs\Python\Python35\Scripts\;C:\Users\roo\AppData\Local\Programs\Python\Python35\;C:\Users\roo\AppData\Local\Microsoft\WindowsApps;C:\Users\roo\AppData\Roaming\npm;C:\Users\roo\AppData\Local\Yarn\bin
10 verbose lifecycle tictactoe@1.0.0~test: CWD: C:\Users\roo\projects\jobs\SICOM\tictactoe
11 silly lifecycle tictactoe@1.0.0~test: Args: [ '/d /s /c', 'mocha' ]
12 silly lifecycle tictactoe@1.0.0~test: Returned: code: 2  signal: null
13 info lifecycle tictactoe@1.0.0~test: Failed to exec test script
14 verbose stack Error: tictactoe@1.0.0 test: `mocha`
14 verbose stack Exit status 2
14 verbose stack     at EventEmitter.<anonymous> (C:\Program Files\nodejs\node_modules\npm\lib\utils\lifecycle.js:255:16)
14 verbose stack     at emitTwo (events.js:106:13)
14 verbose stack     at EventEmitter.emit (events.js:191:7)
14 verbose stack     at ChildProcess.<anonymous> (C:\Program Files\nodejs\node_modules\npm\lib\utils\spawn.js:40:14)
14 verbose stack     at emitTwo (events.js:106:13)
14 verbose stack     at ChildProcess.emit (events.js:191:7)
14 verbose stack     at maybeClose (internal/child_process.js:886:16)
14 verbose stack     at Process.ChildProcess._handle.onexit (internal/child_process.js:226:5)
15 verbose pkgid tictactoe@1.0.0
16 verbose cwd C:\Users\roo\projects\jobs\SICOM\tictactoe
17 error Windows_NT 10.0.16299
18 error argv "C:\\Program Files\\nodejs\\node.exe" "C:\\Program Files\\nodejs\\node_modules\\npm\\bin\\npm-cli.js" "run" "test"
19 error node v6.10.2
20 error npm  v3.10.10
21 error code ELIFECYCLE
22 error tictactoe@1.0.0 test: `mocha`
22 error Exit status 2
23 error Failed at the tictactoe@1.0.0 test script 'mocha'.
23 error Make sure you have the latest version of node.js and npm installed.
23 error If you do, this is most likely a problem with the tictactoe package,
23 error not with npm itself.
23 error Tell the author that this fails on your system:
23 error     mocha
23 error You can get information on how to open an issue for this project with:
23 error     npm bugs tictactoe
23 error Or if that isn't available, you can get their info via:
23 error     npm owner ls tictactoe
23 error There is likely additional logging output above.
24 verbose exit [ 1, true ]
